¡http://www.sharpened.net/emoticons/
(.V.)	Alien
O:-)	Angel
X-(	Angry
~:O	Baby
(*v*) 	Bird
:-# 	Braces
</3 	Broken Heart
=^.^= 	Cat
*<:o) 	Clown
O.o 	Confused
:-S 	Confused
B-) 	Cool
:_( 	Crying
:'( 	Crying
|_P 	Cup of Coffee
*-* 	Dazed
:o3 	Dog
#-o 	Doh!
:*) 	Drunk
//_^ 	Emo
-@--@- 	Eyeglasses
<>< 	Fish
() 	Football
:-( 	Frown
:( 	Frown
:-( 	Frowning
=P 	Frustrated
:-P 	Frustrated
8-) 	Glasses
$_$ 	Greedy
:-> 	Grin
=) 	Happy
:-) 	Happy
<3 	Heart
{ } 	Hug
:-| 	Indifferent
X-p 	Joking
\VVV/ 	King
:-)* 	Kiss
:-* 	Kiss
(-}{-) 	Kissing
=D 	Laughing Out Loud
)-: 	Left-handed Sad Face
(-: 	Left-handed Smiley Face
<3 	Love
=/ 	Mad
:-)(-: 	Married
<:3 )~ 	Mouse
<:3)~ 	Mouse
~,~ 	Napping
:-B 	Nerd
^_^ 	Overjoyed
<l:0 	Partying
:-/ 	Perplexed
=8) 	Pig
\&&&/ 	Princess
\%%%/ 	Queen
@~)~~~~ 	Rose
=( 	Sad
:-( 	Sad
:( 	Sad
:-7 	Sarcastic
:-@ 	Screaming
=O 	Shocked
:-o 	Shocked
O[-<]: 	Skateboarder
:-) 	Smile
:-Q 	Smoking
:> 	Smug
:P 	Sticking Tongue Out
:o 	Surprised
(:| 	Tired
:-J 	Tongue in Cheek
:-& 	Tongue Tied
=-O 	Uh-oh
:-\ 	Undecided
**== 	United States Flag
:-E 	Vampire
=D 	Very Happy
;-) 	Winking
;) 	Winking
|-O 	Yawn
Z 	Zorro

¡http://www.sharpened.net/emoticons/browse/a
O(<>'<>)O 	Aang
==(:-)= 	Abraham Lincoln
8-[ 	Afraid
(ap) 	Airplane
:-o 	Alarmed
(.V.) 	Alien
(8>/--< 	Alien
(.)(.)
__
OOOOOO 	Alien
. .
\ /
___
/   \
\^ ^/
\^/ 	Alien
(<>..<>) 	Alien
::-) 	Alien
'.' 	Alien
>*^,^,^~~~ 	Alligator
0=) 	Angel
^j^ 	Angel
O:) 	Angel
(a) 	Angel
O:-) 	Angel
O-) 	Angel
0-)< 	Angel
0;) 	Angel
0:) 	Angel
:-t 	Angry
:-|| 	Angry
X-( 	Angry
X( 	Angry
:-@ 	Angry
:@ 	Angry
b ( 	Angry
:( 	Angry
>-( 	Angry
\ /
. .
O 	Angry
D< 	Angry
>:( 	Angry
>:-( 	Angry
-_-+ 	Angry
^w^ 	Anime Smile
-_-; 	Anime Sweat Drop
|_|' 	Anime Sweat Drop
^^; 	Anime Sweat Drop
( o_o) 	Annoyed
(-_-* ) 	Annoyed
@_@ 	Annoyed
¬¬ 	Annoyed
>_<* 	Annoyed
:/ 	Annoyed
=D> 	Applause
<')))~ 	Armadillo
>--->> 	Arrow
|-I 	Asleep
~X( 	At Wits End
(au) 	Auto
:S 	Awkward


¡http://www.sharpened.net/emoticons/browse/b
~:0 	Baby
~O>< 	Baby
C:-| 	Bald
(8-) 	Bald
o~ 	Balloon
(( 	Banana
(::( )::) 	Band-Aid
(::[]::) 	Band-Aid
:-C~ 	Barfing
8o| 	Baring Teeth
o >
o > 	Baring Teeth
:-E 	Baring Teeth
^^^^^^^
|     |
| O  O|
c ,___|
|  ]   	Bart Simpson
d:-) 	Baseball Player
d:-p 	Baseball Player
q:-) 	Baseball Player
d: ) 	Baseball Player
^v^ 	Bat
;;) 	Batting Eyelashes
(brb) 	Be Right Back
('')-.-('') 	Bear
\'''\(*.*)/'''/ 	Bear
o   o
( *.* )
(")   (")
(  O  )
(") (") 	Bear
O_______O
( ^ ~ ^ )
(,,)()(,,)
( )   ( ) 	Bear
(""\(O_O)/"") 	Bear
:)# 	Beard
b-( 	Beat Up
o/ ___o.. 	Beat Up
%+| 	Beaten Up
0___ 	Bed
X:-| 	Bed Head
( )
:(III)-
( ) 	Bee
~(,)~ 	Bee
(b) 	Beer Mug
___ 
|  |\
|__|/ 	Beer Mug
m(-_-)m 	Begging
&:-o-8-< 	Betty Boop
#:o+= 	Betty Boop
o_0 	Bewildered
~  __0 
 _-\<,_
(*)/ (*) 	Bicycle
:D 	Big Grin
:-D 	Big Grin
>:D< 	Big Hug
8|___) 	Big Laugh
:-(|) 	Big Lips
<(:?) 	Big-Nosed Dunce
(*v*) 	Bird
<;O
( 	Bird
=W 	Bird
~:<> 	Bird
(*)>
/ ) 
/"   	Bird
<^**^>
V 	Bird
(8>)< 	Bird
_
<(')
{ >}
ll 	Bird
(^) 	Birthday Cake
*<:) 	Birthday Hat
:*x 	Biting
:-s 	Bizzare Comment
!-( 	Black Eye
(bah) 	Black Sheep
'8^P 	Blah
^^ 	Blissful
:c) 	Blissful
:-"> 	Blushing
:,') 	Blushing
="> 	Blushing
:-*> 	Blushing
=^} 	Blushing
@= 	Bomb
:-o 	Bored
:/ 	Bored
(-_-) 	Bored
(||) 	Bowl
===O____iii 	Bowling
_____O___III 	Bowling
Q(''q) Q(''Q) 	Boxing
(z) 	Boy
(:-) 	Boy
:-# 	Braces
=# 	Braces
%-( 	Broken Glasses
</3 	Broken Heart
(U) 	Broken Heart
=(( 	Broken Heart
(u) 	Broken Heart
:B 	Bucktooth
}|{ 	Bug
()()
('.')
(")(") 	Bunny
()_()
("-")
(")(") 	Bunny
(\_/)
(0.0)
 (___)! 	Bunny
(\_/)
(o.o)
 (___)0 	Bunny
 (_) /_)
(o . o)
('')_('') 	Bunny
()   ()
=( *.* )=
(  o  )
 (") (")0 	Bunny
()()
(*.*)
-()()- 	Bunny
(\_/)
='.'=
> . >
 U U  	Bunny
(=^_^=) 	Bunny
(\_/)
(^_^)
 (____)0 	Bunny
(\_/)
(='.') 	Bunny
(O:3 	Bunny
(")_(")
(='.'=)
(")_(") 	Bunny
(_|_) 	Butt
(_!_) 	Butt
}i{ 	Butterfly
})i({ 	Butterfly
})U({ 	Butterfly
Ƹ̵̡Ӝ̵̨̄Ʒ 	Butterfly


¡http://www.sharpened.net/emoticons/browse/c
:-c 	Call Me
(p) 	Camera
P=\\ 	Cap
__ 
/--|__
|@   @\ 	Car
>'o'< 	Cat
=^.^= 	Cat
>;3 	Cat
,,,^..^,,,~ 	Cat
^. .^
=^=
~ 	Cat
>'.'< 	Cat
< . ||
| < |
< . || 	Cat
>^..^< 	Cat Face
(@) 	Cat Face
<^..^> 	Cat Face
^-.-^ Zzzzz 	Cat Nap
C|:-= 	Charlie Chaplin
\o/ 	Cheer
*\O/* 	Cheerleader
C=:-) 	Chef
(-: =3 	Chef
(:=3 	Chef
~:> 	Chicken
C8o ) 	Chimp
C8o ( 	Chimp
C8o \ 	Chimp
-{:-] 	Chinese Hat
\)))/ & \~~~/ 	Chips And Dip
*<<<<= 	Christmas Tree
X
/\
/. \
/__\
|_| 	Christmas Tree
*
^
^^^
^^^^^
| 	Christmas Tree
<{^-^}> 	Chubby Face
(ci) 	Cigarette
(:) 	Clam
(o) 	Clock
<]:o){ 	Clown
:O) 	Clown
*:o) 	Clown
<|:^0|< 	Clown
*<:o) 	Clown
*<:^) 	Clown
*<:oP 	Clown
*<:oB 	Clown
(c:>* 	Clown
=:-) 	Cobbler
(c) 	Coffee Cup
:-{} 	Cold
?_? 	Cold Stare
$:-) 	Comb Stuck In The Hair
(co) 	Computer
@/:^) 	Conan
:-r 	Concentrating
O.o 	Confused
:-Q 	Confused
:-/ 	Confused
:-S 	Confused
:s 	Confused
:-$ 	Confused
(@_@) 	Confused
%%
- 	Confused
=? 	Confused
,':( 	Confused
O.o? 	Confused
~~
00
__ 	Confused
B-) 	Cool
00
- 	Cool
3:-O 	Cow
3:O 	Cow
+/'\ 	Cowbell
<):-) 	Cowboy
}:-) 	Cowboy
<):) 	Cowboy
C):) 	Cowboy
(-:(3 	Cowboy
{:-) 	Cowgirl
V.v.V 	Crab
V.^.V
(_)
[[ ]] 	Crab
(\/)!_!(\/) 	Crab
()_RED_(> 	Crayon
())Crayola))> 	Crayon
%-) 	Crazy
H-) 	Cross-Eyed
>.< 	Cross-Eyed
:_( 	Crying
:*( 	Crying
T_T 	Crying
:(( 	Crying
:'( 	Crying
;_; 	Crying
QQ 	Crying
=O :::::: 	Crying
:..[ 	Crying
T^T 	Crying
='( 	Crying
8:::( 	Crying
TT^TT 	Crying
TT_TT 	Crying
i_i 	Crying
:'-C 	Crying
;-; 	Crying
:"-( 	Crying
TT.TT 	Crying
|_| 	Cup
C(_) 	Cup Of Coffee
|_P 	Cup Of Coffee
~o) 	Cup Of Coffee
[_]P 	Cup Of Coffee
@:-) 	Curly Hair
X3 	Cute
n_n 	Cute
o-) 	Cyclops
O-( 	Cyclops
.) 	Cyclops